<?xml version="1.0" encoding="UTF-8"?>
<!-- Generated by org.testng.reporters.JUnitXMLReporter -->
<testsuite hostname="candy-PC" ignored="4" name="Default test" tests="1" failures="0" timestamp="05 七月 2017 09:14:51 GMT" time="39.4" errors="0">
  <testcase name="dragAndDrop" time="22.085" classname="com.test.samper.SamperOne"/>
  <testcase name="changeWindow" time="0.0" classname="com.test.samper.SamperOne">
    <ignored/>
  </testcase> <!-- changeWindow -->
  <testcase name="draggerMove" time="0.0" classname="com.test.samper.SamperOne">
    <ignored/>
  </testcase> <!-- draggerMove -->
  <testcase name="printAllCities" time="0.0" classname="com.test.samper.SamperOne">
    <ignored/>
  </testcase> <!-- printAllCities -->
  <testcase name="selectCity" time="0.0" classname="com.test.samper.SamperOne">
    <ignored/>
  </testcase> <!-- selectCity -->
</testsuite> <!-- Default test -->
